<?xml version="1.0" encoding="UTF-8"?>
<!-- Generated by org.testng.reporters.JUnitXMLReporter -->
<testsuite hostname="NW173697" ignored="0" name="Test" tests="4" failures="0" timestamp="2020-06-11T09:32:46 MST" time="4.919" errors="0">
  <testcase name="GetCityNameAndLangTest" time="3.801" classname="com.qa.testscripts.GetCityNameLanguageWithCode"/>
  <testcase name="GetCityNameAndLangFromCountryNameTest" time="0.387" classname="com.qa.testscripts.GetCityNameLanguageWithCountryName"/>
  <testcase name="validateResponseCodeInvalidCityTest" time="0.348" classname="com.qa.testscripts.ValidateInvalidCity"/>
  <testcase name="validateResponseCodeNullCityTest" time="0.341" classname="com.qa.testscripts.ValidateNullCity"/>
</testsuite> <!-- Test -->
